Date: 09/03/2019 11:34:16:855
Category: default
File: cwf/cppwebapplication.cpp
Function: int CWF::CppWebApplication::start()
Version: 2
Message: Server online


Date: 09/03/2019 12:13:50:824
Category: default
File: cwf/cppwebapplication.cpp
Function: int CWF::CppWebApplication::start()
Version: 2
Message: Error:  "The bound address is already in use" 


Date: 09/03/2019 12:13:50:824
Category: default
File: cwf/cppwebapplication.cpp
Function: int CWF::CppWebApplication::start()
Version: 2
Message: Server offline


Date: 09/03/2019 12:14:48:559
Category: default
File: cwf/cppwebapplication.cpp
Function: int CWF::CppWebApplication::start()
Version: 2
Message: Server online


Date: 09/03/2019 12:39:04:282
Category: default
File: cwf/cppwebapplication.cpp
Function: int CWF::CppWebApplication::start()
Version: 2
Message: Server online


Date: 09/03/2019 12:39:48:612
Category: default
File: cwf/cppwebapplication.cpp
Function: int CWF::CppWebApplication::start()
Version: 2
Message: Error:  "The bound address is already in use" 


Date: 09/03/2019 12:39:48:612
Category: default
File: cwf/cppwebapplication.cpp
Function: int CWF::CppWebApplication::start()
Version: 2
Message: Server offline


Date: 09/03/2019 12:39:58:988
Category: default
File: cwf/cppwebapplication.cpp
Function: int CWF::CppWebApplication::start()
Version: 2
Message: Error:  "The bound address is already in use" 


Date: 09/03/2019 12:39:58:988
Category: default
File: cwf/cppwebapplication.cpp
Function: int CWF::CppWebApplication::start()
Version: 2
Message: Server offline


Date: 09/03/2019 12:40:16:145
Category: default
File: cwf/cppwebapplication.cpp
Function: int CWF::CppWebApplication::start()
Version: 2
Message: Server online


Date: 09/03/2019 12:46:48:394
Category: default
File: cwf/cppwebapplication.cpp
Function: int CWF::CppWebApplication::start()
Version: 2
Message: Server online


Date: 09/03/2019 12:49:47:058
Category: default
File: cwf/cppwebapplication.cpp
Function: int CWF::CppWebApplication::start()
Version: 2
Message: Server online


Date: 09/03/2019 13:01:05:401
Category: default
File: cwf/cppwebapplication.cpp
Function: int CWF::CppWebApplication::start()
Version: 2
Message: Server online


Date: 09/03/2019 13:02:00:680
Category: default
File: cwf/cppwebapplication.cpp
Function: int CWF::CppWebApplication::start()
Version: 2
Message: Server online


Date: 09/03/2019 13:13:25:989
Category: default
File: cwf/cppwebapplication.cpp
Function: int CWF::CppWebApplication::start()
Version: 2
Message: Server online


Date: 09/03/2019 13:29:48:382
Category: default
File: cwf/cppwebapplication.cpp
Function: int CWF::CppWebApplication::start()
Version: 2
Message: Server online


Date: 09/03/2019 13:31:10:171
Category: default
File: cwf/cppwebapplication.cpp
Function: int CWF::CppWebApplication::start()
Version: 2
Message: Server online


Date: 09/03/2019 13:35:06:180
Category: default
File: cwf/cppwebapplication.cpp
Function: int CWF::CppWebApplication::start()
Version: 2
Message: Server online


Date: 09/03/2019 13:45:48:730
Category: default
File: cwf/cppwebapplication.cpp
Function: int CWF::CppWebApplication::start()
Version: 2
Message: Server online


Date: 09/03/2019 13:46:09:958
Category: default
File: cwf/cppwebapplication.cpp
Function: int CWF::CppWebApplication::start()
Version: 2
Message: Server online


Date: 09/03/2019 13:46:41:551
Category: default
File: cwf/cppwebapplication.cpp
Function: int CWF::CppWebApplication::start()
Version: 2
Message: Server online


Date: 09/03/2019 13:58:47:811
Category: default
File: cwf/cppwebapplication.cpp
Function: int CWF::CppWebApplication::start()
Version: 2
Message: Server online


Date: 09/03/2019 14:01:00:514
Category: default
File: cwf/cppwebapplication.cpp
Function: int CWF::CppWebApplication::start()
Version: 2
Message: Server online


Date: 09/03/2019 14:06:40:002
Category: default
File: cwf/cppwebapplication.cpp
Function: int CWF::CppWebApplication::start()
Version: 2
Message: Server online


Date: 10/03/2019 09:44:45:413
Category: default
File: cwf/cppwebapplication.cpp
Function: int CWF::CppWebApplication::start()
Version: 2
Message: Server online


